<?xml version="1.0" encoding="UTF-8"?>
<testsuite xmlns:xsi="http://www.w3.org/2001/XMLSchema-instance" xsi:noNamespaceSchemaLocation="https://maven.apache.org/surefire/maven-surefire-plugin/xsd/surefire-test-report-3.0.xsd" version="3.0" name="com.zingtongroup.verificationsforseleniumwebdriver.Tests" time="3.999" tests="1" errors="0" skipped="0" failures="0">
  <properties>
[...]
</properties>
  <testcase name="constructor" classname="com.zingtongroup.verificationsforseleniumwebdriver.Tests" time="3.988">
    <system-out><![CDATA[2023-05-24 15:58:42 INFO                : Starting driver of type org.openqa.selenium.chrome.ChromeDriver.
2023-05-24 15:58:42 EXECUTION_STEP      : Navigating to 'https://damberg.one'.
2023-05-24 15:58:42 PASSED_VERIFICATION : Browser title was 'Landing page - Damberg.one' thus containing 'Damberg.one' as expected.
2023-05-24 15:58:42 PASSED_VERIFICATION : Element 'section element ' was enabled, as expected.
2023-05-24 15:58:42 INFO                : Quitting web driver instance.
]]></system-out>
    <system-err><![CDATA[maj 24, 2023 3:58:39 EM org.openqa.selenium.manager.SeleniumManager getDriverPath
INFO: Applicable driver not found; attempting to install with Selenium Manager (Beta)
SLF4J: Failed to load class "org.slf4j.impl.StaticLoggerBinder".
SLF4J: Defaulting to no-operation (NOP) logger implementation
SLF4J: See http://www.slf4j.org/codes.html#StaticLoggerBinder for further details.
Starting ChromeDriver 113.0.5672.63 (0e1a4471d5ae5bf128b1bd8f4d627c8cbd55f70c-refs/branch-heads/5672@{#912}) on port 30062
Only local connections are allowed.
Please see https://chromedriver.chromium.org/security-considerations for suggestions on keeping ChromeDriver safe.
ChromeDriver was started successfully.
]]></system-err>
  </testcase>
</testsuite>